0 info it worked if it ends with ok
1 verbose cli [ 'node', '/usr/local/bin/npm', 'install', 'supervisor', '-g' ]
2 info using npm@1.2.0
3 info using node@v0.8.17
4 verbose read json /usr/local/lib/package.json
5 verbose read json /usr/local/lib/package.json
6 verbose cache add [ 'supervisor', null ]
7 silly cache add name=undefined spec="supervisor" args=["supervisor",null]
8 verbose parsed url { pathname: 'supervisor',
8 verbose parsed url   path: 'supervisor',
8 verbose parsed url   href: 'supervisor' }
9 silly lockFile 0f4d09e4-supervisor supervisor
10 verbose lock supervisor /Users/Aerlinger/.npm/0f4d09e4-supervisor.lock
11 silly lockFile 0f4d09e4-supervisor supervisor
12 verbose addNamed [ 'supervisor', '' ]
13 verbose addNamed [ null, '' ]
14 silly lockFile b28163ae-supervisor supervisor@
15 verbose lock supervisor@ /Users/Aerlinger/.npm/b28163ae-supervisor.lock
16 silly addNameRange { name: 'supervisor', range: '', hasData: false }
17 verbose url raw supervisor
18 verbose url resolving [ 'https://registry.npmjs.org/', './supervisor' ]
19 verbose url resolved https://registry.npmjs.org/supervisor
20 info trying registry request attempt 1 at 15:24:23
21 http GET https://registry.npmjs.org/supervisor
22 http 200 https://registry.npmjs.org/supervisor
23 silly registry.get cb [ 200,
23 silly registry.get   { vary: 'Accept',
23 silly registry.get     server: 'CouchDB/1.2.1 (Erlang OTP/R15B03)',
23 silly registry.get     etag: '"D16Z84TL3MVRG7OQK2IQVZXOV"',
23 silly registry.get     date: 'Sat, 23 Mar 2013 19:24:22 GMT',
23 silly registry.get     'content-type': 'application/json',
23 silly registry.get     'content-length': '66936' } ]
24 silly addNameRange number 2 { name: 'supervisor', range: '', hasData: true }
25 silly addNameRange versions [ 'supervisor',
25 silly addNameRange   [ '0.0.4',
25 silly addNameRange     '0.0.5',
25 silly addNameRange     '0.0.6',
25 silly addNameRange     '0.1.0',
25 silly addNameRange     '0.1.1',
25 silly addNameRange     '0.1.2',
25 silly addNameRange     '0.1.3',
25 silly addNameRange     '0.2.0',
25 silly addNameRange     '0.3.0',
25 silly addNameRange     '0.3.1',
25 silly addNameRange     '0.3.2',
25 silly addNameRange     '0.3.3',
25 silly addNameRange     '0.3.4',
25 silly addNameRange     '0.3.5',
25 silly addNameRange     '0.3.6',
25 silly addNameRange     '0.4.0',
25 silly addNameRange     '0.4.1',
25 silly addNameRange     '0.5.0',
25 silly addNameRange     '0.5.1',
25 silly addNameRange     '0.5.2' ] ]
26 verbose addNamed [ 'supervisor', '0.5.2' ]
27 verbose addNamed [ '0.5.2', '0.5.2' ]
28 silly lockFile fef4aa6b-supervisor-0-5-2 supervisor@0.5.2
29 verbose lock supervisor@0.5.2 /Users/Aerlinger/.npm/fef4aa6b-supervisor-0-5-2.lock
30 silly lockFile 76c02458--supervisor-supervisor-0-5-2-tgz https://registry.npmjs.org/supervisor/-/supervisor-0.5.2.tgz
31 verbose lock https://registry.npmjs.org/supervisor/-/supervisor-0.5.2.tgz /Users/Aerlinger/.npm/76c02458--supervisor-supervisor-0-5-2-tgz.lock
32 verbose addRemoteTarball [ 'https://registry.npmjs.org/supervisor/-/supervisor-0.5.2.tgz',
32 verbose addRemoteTarball   '865d5c7d07273beb0904218b0232a642d82565f5' ]
33 info retry fetch attempt 1 at 15:24:24
34 verbose fetch to= /var/folders/jg/t5q4b93n4410gm2dlhknh3800000gn/T/npm-19853/1364066664124-0.6320253924932331/tmp.tgz
35 http GET https://registry.npmjs.org/supervisor/-/supervisor-0.5.2.tgz
36 http 200 https://registry.npmjs.org/supervisor/-/supervisor-0.5.2.tgz
37 silly shasum updated bytes 4973
38 info shasum 865d5c7d07273beb0904218b0232a642d82565f5
38 info shasum /var/folders/jg/t5q4b93n4410gm2dlhknh3800000gn/T/npm-19853/1364066664124-0.6320253924932331/tmp.tgz
39 verbose tar unpack /var/folders/jg/t5q4b93n4410gm2dlhknh3800000gn/T/npm-19853/1364066664124-0.6320253924932331/tmp.tgz
40 silly lockFile b963b349-64124-0-6320253924932331-package /var/folders/jg/t5q4b93n4410gm2dlhknh3800000gn/T/npm-19853/1364066664124-0.6320253924932331/package
41 verbose lock /var/folders/jg/t5q4b93n4410gm2dlhknh3800000gn/T/npm-19853/1364066664124-0.6320253924932331/package /Users/Aerlinger/.npm/b963b349-64124-0-6320253924932331-package.lock
42 silly gunzTarPerm modes [ '755', '644' ]
43 silly gunzTarPerm extractEntry package.json
44 silly gunzTarPerm extractEntry README.md
45 silly gunzTarPerm extractEntry lib/cli-wrapper.js
46 silly gunzTarPerm extractEntry lib/supervisor.js
47 verbose read json /var/folders/jg/t5q4b93n4410gm2dlhknh3800000gn/T/npm-19853/1364066664124-0.6320253924932331/package/package.json
48 silly lockFile b963b349-64124-0-6320253924932331-package /var/folders/jg/t5q4b93n4410gm2dlhknh3800000gn/T/npm-19853/1364066664124-0.6320253924932331/package
49 verbose from cache /var/folders/jg/t5q4b93n4410gm2dlhknh3800000gn/T/npm-19853/1364066664124-0.6320253924932331/package/package.json
50 verbose tar pack [ '/Users/Aerlinger/.npm/supervisor/0.5.2/package.tgz',
50 verbose tar pack   '/var/folders/jg/t5q4b93n4410gm2dlhknh3800000gn/T/npm-19853/1364066664124-0.6320253924932331/package' ]
51 verbose tarball /Users/Aerlinger/.npm/supervisor/0.5.2/package.tgz
52 verbose folder /var/folders/jg/t5q4b93n4410gm2dlhknh3800000gn/T/npm-19853/1364066664124-0.6320253924932331/package
53 silly lockFile 4d4497a2-npm-supervisor-0-5-2-package-tgz /Users/Aerlinger/.npm/supervisor/0.5.2/package.tgz
54 verbose lock /Users/Aerlinger/.npm/supervisor/0.5.2/package.tgz /Users/Aerlinger/.npm/4d4497a2-npm-supervisor-0-5-2-package-tgz.lock
55 silly lockFile 4d4497a2-npm-supervisor-0-5-2-package-tgz /Users/Aerlinger/.npm/supervisor/0.5.2/package.tgz
56 silly lockFile 36bd66f5-ger-npm-supervisor-0-5-2-package /Users/Aerlinger/.npm/supervisor/0.5.2/package
57 verbose lock /Users/Aerlinger/.npm/supervisor/0.5.2/package /Users/Aerlinger/.npm/36bd66f5-ger-npm-supervisor-0-5-2-package.lock
58 silly lockFile 36bd66f5-ger-npm-supervisor-0-5-2-package /Users/Aerlinger/.npm/supervisor/0.5.2/package
59 verbose tar unpack /Users/Aerlinger/.npm/supervisor/0.5.2/package.tgz
60 silly lockFile 36bd66f5-ger-npm-supervisor-0-5-2-package /Users/Aerlinger/.npm/supervisor/0.5.2/package
61 verbose lock /Users/Aerlinger/.npm/supervisor/0.5.2/package /Users/Aerlinger/.npm/36bd66f5-ger-npm-supervisor-0-5-2-package.lock
62 silly gunzTarPerm modes [ '755', '644' ]
63 silly gunzTarPerm extractEntry package.json
64 silly gunzTarPerm extractEntry README.md
65 silly gunzTarPerm extractEntry lib/cli-wrapper.js
66 silly gunzTarPerm extractEntry lib/supervisor.js
67 verbose read json /Users/Aerlinger/.npm/supervisor/0.5.2/package/package.json
68 silly lockFile 36bd66f5-ger-npm-supervisor-0-5-2-package /Users/Aerlinger/.npm/supervisor/0.5.2/package
69 silly shasum updated bytes 4976
70 info shasum d4338c3aa7cda7b665bd95c2f8199e8079e6f1a2
70 info shasum /Users/Aerlinger/.npm/supervisor/0.5.2/package.tgz
71 verbose from cache /Users/Aerlinger/.npm/supervisor/0.5.2/package/package.json
72 verbose chmod /Users/Aerlinger/.npm/supervisor/0.5.2/package.tgz 644
73 verbose chown /Users/Aerlinger/.npm/supervisor/0.5.2/package.tgz [ 501, 20 ]
74 silly lockFile 76c02458--supervisor-supervisor-0-5-2-tgz https://registry.npmjs.org/supervisor/-/supervisor-0.5.2.tgz
75 silly lockFile fef4aa6b-supervisor-0-5-2 supervisor@0.5.2
76 silly lockFile b28163ae-supervisor supervisor@
77 silly resolved [ { name: 'supervisor',
77 silly resolved     version: '0.5.2',
77 silly resolved     description: 'A supervisor program for running nodejs programs',
77 silly resolved     author: { name: 'Isaac Z. Schlueter', email: 'i@izs.me' },
77 silly resolved     contributors:
77 silly resolved      [ [Object],
77 silly resolved        [Object],
77 silly resolved        [Object],
77 silly resolved        [Object],
77 silly resolved        [Object],
77 silly resolved        [Object],
77 silly resolved        [Object],
77 silly resolved        [Object],
77 silly resolved        [Object],
77 silly resolved        [Object],
77 silly resolved        [Object],
77 silly resolved        [Object],
77 silly resolved        [Object],
77 silly resolved        [Object],
77 silly resolved        [Object],
77 silly resolved        [Object],
77 silly resolved        [Object],
77 silly resolved        [Object],
77 silly resolved        [Object] ],
77 silly resolved     repository:
77 silly resolved      { type: 'git',
77 silly resolved        url: 'git://github.com/isaacs/node-supervisor.git' },
77 silly resolved     bugs: 'https://github.com/isaacs/node-supervisor/issues',
77 silly resolved     homepage: 'https://github.com/isaacs/node-supervisor/',
77 silly resolved     main: 'lib/supervisor.js',
77 silly resolved     bin:
77 silly resolved      { 'node-supervisor': 'lib/cli-wrapper.js',
77 silly resolved        supervisor: 'lib/cli-wrapper.js' },
77 silly resolved     engines: { node: '>=0.3.7' },
77 silly resolved     preferGlobal: true,
77 silly resolved     readme: '# node-supervisor\n\nA little supervisor script for nodejs. It runs your program, and\nwatches for code changes, so you can have hot-code reloading-ish\nbehavior, without worrying about memory leaks and making sure you\nclean up all the inter-module references, and without a whole new\n`require` system.\n\n## node-supervisor -?\n\n\n    Node Supervisor is used to restart programs when they crash.\n    It can also be used to restart programs when a *.js file changes.\n\n    Usage:\n      supervisor [options] <program>\n      supervisor [options] -- <program> [args ...]\n\n    Required:\n      <program>\n        The program to run.\n\n    Options:\n      -w|--watch <watchItems>\n        A comma-delimited list of folders or js files to watch for changes.\n        When a change to a js file occurs, reload the program\n        Default is \'.\'\n\n      -i|--ignore <ignoreItems>\n        A comma-delimited list of folders to ignore for changes.\n        No default\n\n      -p|--poll-interval <milliseconds>\n        How often to poll watched files for changes.\n        Defaults to Node default.\n\n      -e|--extensions <extensions>\n        Specific file extensions to watch in addition to defaults.\n        Used when --watch option includes folders\n        Default is \'node|js\'\n\n      -x|--exec <executable>\n        The executable that runs the specified program.\n        Default is \'node\'\n\n      --debug\n        Start node with --debug flag.\n\n      --debug-brk\n        Start node with --debug-brk flag.\n\n      -n|--no-restart-on error|exit\n        Don\'t automatically restart the supervised program if it ends.\n        Supervisor will wait for a change in the source files.\n        If "error", an exit code of 0 will still restart.\n        If "exit", no restart regardless of exit code.\n\n      -h|--help|-?\n        Display these usage instructions.\n\n      -q|--quiet\n        Suppress DEBUG messages\n\n    Examples:\n      supervisor myapp.js\n      supervisor myapp.coffee\n      supervisor -w scripts -e myext -x myrunner myapp\n      supervisor -w lib,server.js,config.js server.js\n      supervisor -- server.js -h host -p port\n\n\n## Simple Install\n\nInstall npm, and then do this:\n\n    npm install supervisor -g\n\nYou don\'t even need to download or fork this repo at all.\n\n## Fancy Install\n\nGet this code, install npm, and then do this:\n\n    npm link\n\n## todo\n\n1. Re-attach to a process by pid. If the supervisor is\nbackgrounded, and then disowned, the child will keep running. At\nthat point, the supervisor may be killed, but the child will keep\non running. It\'d be nice to have two supervisors that kept each\nother up, and could also perhaps run a child program.\n2. Run more types of programs than just "node blargh.js".\n3. Be able to run more than one program, so that you can have two\nsupervisors supervise each other, and then also keep some child\nserver up.\n4. When watching, it\'d be good to perhaps bring up a new child\nand then kill the old one gently, rather than just crashing the\nchild abruptly.\n5. Keep the pid in a safe place, so another supervisor can pull\nit out if told to supervise the same program.\n6. It\'d be pretty cool if this program could be run just like\ndoing `node blah.js`, but could somehow "know" which files had\nbeen loaded, and restart whenever a touched file changes.\n',
77 silly resolved     readmeFilename: 'README.md',
77 silly resolved     _id: 'supervisor@0.5.2',
77 silly resolved     dist: { shasum: 'd4338c3aa7cda7b665bd95c2f8199e8079e6f1a2' },
77 silly resolved     _from: 'supervisor' } ]
78 info install supervisor@0.5.2 into /usr/local/lib
79 info installOne supervisor@0.5.2
80 verbose from cache /Users/Aerlinger/.npm/supervisor/0.5.2/package/package.json
81 info /usr/local/lib/node_modules/supervisor unbuild
82 verbose read json /usr/local/lib/node_modules/supervisor/package.json
83 verbose tar unpack /Users/Aerlinger/.npm/supervisor/0.5.2/package.tgz
84 silly lockFile 1d502911-ocal-lib-node-modules-supervisor /usr/local/lib/node_modules/supervisor
85 verbose lock /usr/local/lib/node_modules/supervisor /Users/Aerlinger/.npm/1d502911-ocal-lib-node-modules-supervisor.lock
86 silly gunzTarPerm modes [ '755', '644' ]
87 error Error: EACCES, mkdir '/usr/local/lib/node_modules/supervisor'
87 error  { [Error: EACCES, mkdir '/usr/local/lib/node_modules/supervisor']
87 error   errno: 3,
87 error   code: 'EACCES',
87 error   path: '/usr/local/lib/node_modules/supervisor',
87 error   fstream_type: 'Directory',
87 error   fstream_path: '/usr/local/lib/node_modules/supervisor',
87 error   fstream_class: 'DirWriter',
87 error   fstream_stack:
87 error    [ 'DirWriter._create (/usr/local/lib/node_modules/npm/node_modules/fstream/lib/dir-writer.js:36:23)',
87 error      '/usr/local/lib/node_modules/npm/node_modules/mkdirp/index.js:37:53',
87 error      'Object.oncomplete (fs.js:297:15)' ] }
88 error Please try running this command again as root/Administrator.
89 error System Darwin 12.3.0
90 error command "node" "/usr/local/bin/npm" "install" "supervisor" "-g"
91 error cwd /Users/Aerlinger/Dropbox/homespree/HomespreeRails
92 error node -v v0.8.17
93 error npm -v 1.2.0
94 error path /usr/local/lib/node_modules/supervisor
95 error fstream_path /usr/local/lib/node_modules/supervisor
96 error fstream_type Directory
97 error fstream_class DirWriter
98 error code EACCES
99 error errno 3
100 error stack Error: EACCES, mkdir '/usr/local/lib/node_modules/supervisor'
101 error fstream_stack DirWriter._create (/usr/local/lib/node_modules/npm/node_modules/fstream/lib/dir-writer.js:36:23)
101 error fstream_stack /usr/local/lib/node_modules/npm/node_modules/mkdirp/index.js:37:53
101 error fstream_stack Object.oncomplete (fs.js:297:15)
102 verbose exit [ 3, true ]
